#
# There is insufficient memory for the Java Runtime Environment to continue.
# Native memory allocation (malloc) failed to allocate 46096 bytes for Chunk::new
# Possible reasons:
#   The system is out of physical RAM or swap space
#   The process is running with CompressedOops enabled, and the Java Heap may be blocking the growth of the native heap
# Possible solutions:
#   Reduce memory load on the system
#   Increase physical memory or swap space
#   Check if swap backing store is full
#   Decrease Java heap size (-Xmx/-Xms)
#   Decrease number of Java threads
#   Decrease Java thread stack sizes (-Xss)
#   Set larger code cache with -XX:ReservedCodeCacheSize=
#   JVM is running with Unscaled Compressed Oops mode in which the Java heap is
#     placed in the first 4GB address space. The Java Heap base address is the
#     maximum limit for the native heap growth. Please use -XX:HeapBaseMinAddress
#     to set the Java Heap base and to place the Java Heap above 4GB virtual address.
# This output file may be truncated or incomplete.
#
#  Out of Memory Error (allocation.cpp:389), pid=4116, tid=0x0000000000002c10
#
# JRE version: Java(TM) SE Runtime Environment (8.0_361) (build 1.8.0_361-b09)
# Java VM: Java HotSpot(TM) 64-Bit Server VM (25.361-b09 mixed mode windows-amd64 compressed oops)
# Failed to write core dump. Minidumps are not enabled by default on client versions of Windows
#

---------------  T H R E A D  ---------------

Current thread (0x000001b9545b5800):  JavaThread "C2 CompilerThread0" daemon [_thread_in_native, id=11280, stack(0x00000059b3200000,0x00000059b3300000)]

Stack: [0x00000059b3200000,0x00000059b3300000]
Native frames: (J=compiled Java code, j=interpreted, Vv=VM code, C=native code)
V  [jvm.dll+0x3317a9]


Current CompileTask:
C2:    765 1251       4       java.io.DataOutputStream::writeUTF (435 bytes)


---------------  P R O C E S S  ---------------

Java Threads: ( => current thread )
  0x000001b955d21000 JavaThread "background-preinit" [_thread_in_native, id=9132, stack(0x00000059b3700000,0x00000059b3800000)]
  0x000001b95463c000 JavaThread "Service Thread" daemon [_thread_blocked, id=12220, stack(0x00000059b3500000,0x00000059b3600000)]
  0x000001b9545c8000 JavaThread "C1 CompilerThread2" daemon [_thread_blocked, id=13300, stack(0x00000059b3400000,0x00000059b3500000)]
  0x000001b9545c2000 JavaThread "C2 CompilerThread1" daemon [_thread_in_native, id=11852, stack(0x00000059b3300000,0x00000059b3400000)]
=>0x000001b9545b5800 JavaThread "C2 CompilerThread0" daemon [_thread_in_native, id=11280, stack(0x00000059b3200000,0x00000059b3300000)]
  0x000001b9545b4000 JavaThread "Attach Listener" daemon [_thread_blocked, id=3132, stack(0x00000059b3100000,0x00000059b3200000)]
  0x000001b9545b3800 JavaThread "Signal Dispatcher" daemon [_thread_blocked, id=712, stack(0x00000059b3000000,0x00000059b3100000)]
  0x000001b95458d800 JavaThread "Finalizer" daemon [_thread_blocked, id=8088, stack(0x00000059b2f00000,0x00000059b3000000)]
  0x000001b954586000 JavaThread "Reference Handler" daemon [_thread_blocked, id=10092, stack(0x00000059b2e00000,0x00000059b2f00000)]
  0x000001b93dfc3000 JavaThread "main" [_thread_in_vm, id=1944, stack(0x00000059b2800000,0x00000059b2900000)]

Other Threads:
  0x000001b954564000 VMThread [stack: 0x00000059b2d00000,0x00000059b2e00000] [id=9000]
  0x000001b954643800 WatcherThread [stack: 0x00000059b3600000,0x00000059b3700000] [id=1428]

VM state:not at safepoint (normal execution)

VM Mutex/Monitor currently owned by a thread:  ([mutex/lock_event])
[0x000001b93dfbcea0] SystemDictionary_lock - owner thread: 0x0000000000000000

heap address: 0x0000000085800000, size: 1960 MB, Compressed Oops mode: 32-bit
Narrow klass base: 0x0000000000000000, Narrow klass shift: 3
Compressed class space size: 1073741824 Address: 0x0000000100000000

Heap:
 PSYoungGen      total 36864K, used 8288K [0x00000000d7300000, 0x00000000dbb00000, 0x0000000100000000)
  eden space 31744K, 9% used [0x00000000d7300000,0x00000000d7618a60,0x00000000d9200000)
  from space 5120K, 99% used [0x00000000d9700000,0x00000000d9bff888,0x00000000d9c00000)
  to   space 5120K, 0% used [0x00000000d9200000,0x00000000d9200000,0x00000000d9700000)
 ParOldGen       total 84992K, used 1809K [0x0000000085800000, 0x000000008ab00000, 0x00000000d7300000)
  object space 84992K, 2% used [0x0000000085800000,0x00000000859c45a8,0x000000008ab00000)
 Metaspace       used 15365K, capacity 16018K, committed 16128K, reserved 1064960K
  class space    used 1875K, capacity 2041K, committed 2048K, reserved 1048576K

Card table byte_map: [0x000001b94edc0000,0x000001b94f1a0000] byte_map_base: 0x000001b94e994000

Marking Bits: (ParMarkBitMap*) 0x0000000054f9b090
 Begin Bits: [0x000001b94f430000, 0x000001b9512d0000)
 End Bits:   [0x000001b9512d0000, 0x000001b953170000)

Polling page: 0x000001b93e160000

CodeCache: size=245760Kb used=4207Kb max_used=4207Kb free=241552Kb
 bounds [0x000001b93fa00000, 0x000001b93fe20000, 0x000001b94ea00000]
 total_blobs=1605 nmethods=1274 adapters=243
 compilation: enabled

Compilation events (10 events):
Event: 0.760 Thread 0x000001b9545c8000 1269       3       sun.reflect.annotation.AnnotationInvocationHandler::invoke (277 bytes)
Event: 0.761 Thread 0x000001b9545c8000 nmethod 1269 0x000001b93fe12dd0 code [0x000001b93fe130c0, 0x000001b93fe14680]
Event: 0.761 Thread 0x000001b9545c8000 1270       3       sun.reflect.ConstantPool::getUTF8At (10 bytes)
Event: 0.761 Thread 0x000001b9545c8000 nmethod 1270 0x000001b93fe12390 code [0x000001b93fe12500, 0x000001b93fe12690]
Event: 0.761 Thread 0x000001b9545c8000 1272       3       sun.reflect.generics.tree.ClassTypeSignature::accept (8 bytes)
Event: 0.762 Thread 0x000001b9545c8000 nmethod 1272 0x000001b93fe11f50 code [0x000001b93fe120c0, 0x000001b93fe122b0]
Event: 0.762 Thread 0x000001b9545c8000 1273       3       sun.reflect.generics.visitor.Reifier::visitClassTypeSignature (381 bytes)
Event: 0.762 Thread 0x000001b9545c2000 nmethod 1266 0x000001b93fe11810 code [0x000001b93fe11960, 0x000001b93fe11c88]
Event: 0.763 Thread 0x000001b9545c8000 nmethod 1273 0x000001b93fe17f10 code [0x000001b93fe18320, 0x000001b93fe1a550]
Event: 0.763 Thread 0x000001b9545c8000 1275   !   3       java.util.concurrent.ConcurrentHashMap::putVal (362 bytes)

GC Heap History (4 events):
Event: 0.544 GC heap before
{Heap before GC invocations=1 (full 0):
 PSYoungGen      total 36864K, used 31744K [0x00000000d7300000, 0x00000000d9c00000, 0x0000000100000000)
  eden space 31744K, 100% used [0x00000000d7300000,0x00000000d9200000,0x00000000d9200000)
  from space 5120K, 0% used [0x00000000d9700000,0x00000000d9700000,0x00000000d9c00000)
  to   space 5120K, 0% used [0x00000000d9200000,0x00000000d9200000,0x00000000d9700000)
 ParOldGen       total 84992K, used 0K [0x0000000085800000, 0x000000008ab00000, 0x00000000d7300000)
  object space 84992K, 0% used [0x0000000085800000,0x0000000085800000,0x000000008ab00000)
 Metaspace       used 10161K, capacity 10530K, committed 10624K, reserved 1058816K
  class space    used 1216K, capacity 1333K, committed 1408K, reserved 1048576K
Event: 0.548 GC heap after
Heap after GC invocations=1 (full 0):
 PSYoungGen      total 36864K, used 5099K [0x00000000d7300000, 0x00000000d9c00000, 0x0000000100000000)
  eden space 31744K, 0% used [0x00000000d7300000,0x00000000d7300000,0x00000000d9200000)
  from space 5120K, 99% used [0x00000000d9200000,0x00000000d96fae78,0x00000000d9700000)
  to   space 5120K, 0% used [0x00000000d9700000,0x00000000d9700000,0x00000000d9c00000)
 ParOldGen       total 84992K, used 104K [0x0000000085800000, 0x000000008ab00000, 0x00000000d7300000)
  object space 84992K, 0% used [0x0000000085800000,0x000000008581a150,0x000000008ab00000)
 Metaspace       used 10161K, capacity 10530K, committed 10624K, reserved 1058816K
  class space    used 1216K, capacity 1333K, committed 1408K, reserved 1048576K
}
Event: 0.741 GC heap before
{Heap before GC invocations=2 (full 0):
 PSYoungGen      total 36864K, used 36843K [0x00000000d7300000, 0x00000000d9c00000, 0x0000000100000000)
  eden space 31744K, 100% used [0x00000000d7300000,0x00000000d9200000,0x00000000d9200000)
  from space 5120K, 99% used [0x00000000d9200000,0x00000000d96fae78,0x00000000d9700000)
  to   space 5120K, 0% used [0x00000000d9700000,0x00000000d9700000,0x00000000d9c00000)
 ParOldGen       total 84992K, used 104K [0x0000000085800000, 0x000000008ab00000, 0x00000000d7300000)
  object space 84992K, 0% used [0x0000000085800000,0x000000008581a150,0x000000008ab00000)
 Metaspace       used 14854K, capacity 15496K, committed 15616K, reserved 1062912K
  class space    used 1826K, capacity 1974K, committed 2048K, reserved 1048576K
Event: 0.747 GC heap after
Heap after GC invocations=2 (full 0):
 PSYoungGen      total 36864K, used 5118K [0x00000000d7300000, 0x00000000dbb00000, 0x0000000100000000)
  eden space 31744K, 0% used [0x00000000d7300000,0x00000000d7300000,0x00000000d9200000)
  from space 5120K, 99% used [0x00000000d9700000,0x00000000d9bff888,0x00000000d9c00000)
  to   space 5120K, 0% used [0x00000000d9200000,0x00000000d9200000,0x00000000d9700000)
 ParOldGen       total 84992K, used 1809K [0x0000000085800000, 0x000000008ab00000, 0x00000000d7300000)
  object space 84992K, 2% used [0x0000000085800000,0x00000000859c45a8,0x000000008ab00000)
 Metaspace       used 14854K, capacity 15496K, committed 15616K, reserved 1062912K
  class space    used 1826K, capacity 1974K, committed 2048K, reserved 1048576K
}

Deoptimization events (4 events):
Event: 0.436 Thread 0x000001b93dfc3000 Uncommon trap: reason=unstable_if action=reinterpret pc=0x000001b93fba5e3c method=java.lang.String.indexOf([CII[CIII)I @ 3
Event: 0.599 Thread 0x000001b93dfc3000 Uncommon trap: reason=unstable_if action=reinterpret pc=0x000001b93fc94988 method=java.util.HashMap.getNode(ILjava/lang/Object;)Ljava/util/HashMap$Node; @ 129
Event: 0.739 Thread 0x000001b93dfc3000 Uncommon trap: reason=unstable_if action=reinterpret pc=0x000001b93fc84fbc method=java.util.HashMap.getNode(ILjava/lang/Object;)Ljava/util/HashMap$Node; @ 129
Event: 0.753 Thread 0x000001b93dfc3000 Uncommon trap: reason=unstable_if action=reinterpret pc=0x000001b93fe075e8 method=java.util.concurrent.ConcurrentHashMap.putVal(Ljava/lang/Object;Ljava/lang/Object;Z)Ljava/lang/Object; @ 113

Classes redefined (0 events):
No events

Internal exceptions (10 events):
Event: 0.514 Thread 0x000001b93dfc3000 Exception <a 'java/lang/NoSuchMethodError': java.lang.Object.lambda$comparingInt$7b0bb60$1(Ljava/util/function/ToIntFunction;Ljava/lang/Object;Ljava/lang/Object;)I> (0x00000000d8e86b18) thrown at [C:\jenkins\workspace\8-2-build-windows-x64-cygwin\jdk8u361
Event: 0.516 Thread 0x000001b93dfc3000 Exception <a 'java/lang/IncompatibleClassChangeError': Found class java.lang.Object, but interface was expected> (0x00000000d8ead148) thrown at [C:\jenkins\workspace\8-2-build-windows-x64-cygwin\jdk8u361\3183\hotspot\src\share\vm\interpreter\linkResolver.
Event: 0.532 Thread 0x000001b93dfc3000 Exception <a 'java/lang/NoSuchMethodError': java.lang.Object.lambda$or$2(Ljava/util/function/BiPredicate;Ljava/lang/Object;Ljava/lang/Object;)Z> (0x00000000d90634e0) thrown at [C:\jenkins\workspace\8-2-build-windows-x64-cygwin\jdk8u361\3183\hotspot\src\sh
Event: 0.533 Thread 0x000001b93dfc3000 Exception <a 'java/lang/NoSuchMethodError': java.lang.Object.lambda$chars$0()Ljava/util/Spliterator$OfInt;> (0x00000000d9074f68) thrown at [C:\jenkins\workspace\8-2-build-windows-x64-cygwin\jdk8u361\3183\hotspot\src\share\vm\interpreter\linkResolver.cpp, 
Event: 0.561 Thread 0x000001b93dfc3000 Exception <a 'java/lang/NoSuchMethodError': java.lang.Object.lambda$comparing$77a9974f$1(Ljava/util/function/Function;Ljava/lang/Object;Ljava/lang/Object;)I> (0x00000000d74c17d0) thrown at [C:\jenkins\workspace\8-2-build-windows-x64-cygwin\jdk8u361\3183\h
Event: 0.578 Thread 0x000001b93dfc3000 Exception <a 'java/lang/NoSuchMethodError': java.lang.Object.lambda$from$1(Ljava/util/function/Supplier;Lorg/springframework/boot/BootstrapContext;)Ljava/lang/Object;> (0x00000000d7700b20) thrown at [C:\jenkins\workspace\8-2-build-windows-x64-cygwin\jdk8u
Event: 0.603 Thread 0x000001b93dfc3000 Exception <a 'java/lang/NoSuchMethodError': java.lang.Object.lambda$and$0(Ljava/util/function/Predicate;Ljava/lang/Object;)Z> (0x00000000d7966020) thrown at [C:\jenkins\workspace\8-2-build-windows-x64-cygwin\jdk8u361\3183\hotspot\src\share\vm\interpreter\
Event: 0.659 Thread 0x000001b93dfc3000 Exception <a 'java/lang/IncompatibleClassChangeError': Found class java.lang.Object, but interface was expected> (0x00000000d7edd500) thrown at [C:\jenkins\workspace\8-2-build-windows-x64-cygwin\jdk8u361\3183\hotspot\src\share\vm\interpreter\linkResolver.
Event: 0.661 Thread 0x000001b955d21000 Exception <a 'java/lang/NoClassDefFoundError': javax/validation/Validation> (0x00000000d7f3a010) thrown at [C:\jenkins\workspace\8-2-build-windows-x64-cygwin\jdk8u361\3183\hotspot\src\share\vm\classfile\systemDictionary.cpp, line 201]
Event: 0.725 Thread 0x000001b93dfc3000 Exception <a 'java/lang/NoSuchMethodError': org.slf4j.impl.StaticMDCBinder.getSingleton()Lorg/slf4j/impl/StaticMDCBinder;> (0x00000000d8e50618) thrown at [C:\jenkins\workspace\8-2-build-windows-x64-cygwin\jdk8u361\3183\hotspot\src\share\vm\interpreter\lin

Events (10 events):
Event: 0.762 loading class com/fasterxml/jackson/databind/cfg/MapperConfigBase
Event: 0.762 loading class com/fasterxml/jackson/databind/cfg/MapperConfigBase done
Event: 0.763 loading class org/springframework/context/annotation/DeferredImportSelector
Event: 0.763 loading class org/springframework/context/annotation/DeferredImportSelector done
Event: 0.763 loading class org/springframework/context/annotation/ImportSelector
Event: 0.763 loading class org/springframework/context/annotation/ImportSelector done
Event: 0.763 loading class com/fasterxml/jackson/databind/BeanDescription
Event: 0.763 loading class com/fasterxml/jackson/databind/BeanDescription done
Event: 0.763 loading class com/fasterxml/jackson/databind/introspect/BasicBeanDescription
Event: 0.763 loading class com/fasterxml/jackson/databind/introspect/BasicBeanDescription done


Dynamic libraries:
0x00007ff6adcc0000 - 0x00007ff6add07000 	C:\Program Files\Java\jdk1.8.0_361\bin\javaw.exe
0x00007ffc62e50000 - 0x00007ffc63064000 	C:\WINDOWS\SYSTEM32\ntdll.dll
0x00007ffc62610000 - 0x00007ffc626d4000 	C:\WINDOWS\System32\KERNEL32.DLL
0x00007ffc60830000 - 0x00007ffc60bd4000 	C:\WINDOWS\System32\KERNELBASE.dll
0x00007ffc61ae0000 - 0x00007ffc61b90000 	C:\WINDOWS\System32\ADVAPI32.dll
0x00007ffc62700000 - 0x00007ffc627a7000 	C:\WINDOWS\System32\msvcrt.dll
0x00007ffc60bf0000 - 0x00007ffc60c96000 	C:\WINDOWS\System32\sechost.dll
0x00007ffc61c30000 - 0x00007ffc61d47000 	C:\WINDOWS\System32\RPCRT4.dll
0x00007ffc62810000 - 0x00007ffc629be000 	C:\WINDOWS\System32\USER32.dll
0x00007ffc60200000 - 0x00007ffc60226000 	C:\WINDOWS\System32\win32u.dll
0x00007ffc629c0000 - 0x00007ffc629e9000 	C:\WINDOWS\System32\GDI32.dll
0x00007ffc60230000 - 0x00007ffc60348000 	C:\WINDOWS\System32\gdi32full.dll
0x00007ffc60350000 - 0x00007ffc603ea000 	C:\WINDOWS\System32\msvcp_win.dll
0x00007ffc60710000 - 0x00007ffc60821000 	C:\WINDOWS\System32\ucrtbase.dll
0x00007ffc424b0000 - 0x00007ffc42743000 	C:\WINDOWS\WinSxS\amd64_microsoft.windows.common-controls_6595b64144ccf1df_6.0.22621.2215_none_270d72677387dfc3\COMCTL32.dll
0x00007ffc60e60000 - 0x00007ffc60e91000 	C:\WINDOWS\System32\IMM32.DLL
0x00007ffc3d580000 - 0x00007ffc3d595000 	C:\Program Files\Java\jdk1.8.0_361\jre\bin\vcruntime140.dll
0x00007ffc2f2f0000 - 0x00007ffc2f38b000 	C:\Program Files\Java\jdk1.8.0_361\jre\bin\msvcp140.dll
0x00000000547b0000 - 0x0000000055013000 	C:\Program Files\Java\jdk1.8.0_361\jre\bin\server\jvm.dll
0x00007ffc60be0000 - 0x00007ffc60be8000 	C:\WINDOWS\System32\PSAPI.DLL
0x00007ffc553d0000 - 0x00007ffc55404000 	C:\WINDOWS\SYSTEM32\WINMM.dll
0x00007ffc45d40000 - 0x00007ffc45d49000 	C:\WINDOWS\SYSTEM32\WSOCK32.dll
0x00007ffc61d50000 - 0x00007ffc61dc1000 	C:\WINDOWS\System32\WS2_32.dll
0x00007ffc524e0000 - 0x00007ffc524ea000 	C:\WINDOWS\SYSTEM32\VERSION.dll
0x00007ffc5f290000 - 0x00007ffc5f2a8000 	C:\WINDOWS\SYSTEM32\kernel.appcore.dll
0x00007ffc5b320000 - 0x00007ffc5b330000 	C:\Program Files\Java\jdk1.8.0_361\jre\bin\verify.dll
0x00007ffc38de0000 - 0x00007ffc38e0b000 	C:\Program Files\Java\jdk1.8.0_361\jre\bin\java.dll
0x00007ffc34490000 - 0x00007ffc344a8000 	C:\Program Files\Java\jdk1.8.0_361\jre\bin\zip.dll
0x00007ffc61de0000 - 0x00007ffc62603000 	C:\WINDOWS\System32\SHELL32.dll
0x00007ffc5e140000 - 0x00007ffc5ea2a000 	C:\WINDOWS\SYSTEM32\windows.storage.dll
0x00007ffc61750000 - 0x00007ffc61ada000 	C:\WINDOWS\System32\combase.dll
0x00007ffc5e000000 - 0x00007ffc5e13e000 	C:\WINDOWS\SYSTEM32\wintypes.dll
0x00007ffc61020000 - 0x00007ffc61113000 	C:\WINDOWS\System32\SHCORE.dll
0x00007ffc60ea0000 - 0x00007ffc60efe000 	C:\WINDOWS\System32\shlwapi.dll
0x00007ffc60130000 - 0x00007ffc60156000 	C:\WINDOWS\SYSTEM32\profapi.dll
0x00007ffc45ca0000 - 0x00007ffc45cad000 	C:\Program Files\Java\jdk1.8.0_361\jre\bin\management.dll
0x00007ffc34470000 - 0x00007ffc3448c000 	C:\Program Files\Java\jdk1.8.0_361\jre\bin\net.dll
0x00007ffc5f7c0000 - 0x00007ffc5f829000 	C:\WINDOWS\system32\mswsock.dll
0x00007ffc37120000 - 0x00007ffc37137000 	C:\WINDOWS\system32\napinsp.dll
0x00007ffc37100000 - 0x00007ffc3711b000 	C:\WINDOWS\system32\pnrpnsp.dll
0x00007ffc5ed50000 - 0x00007ffc5ee42000 	C:\WINDOWS\SYSTEM32\DNSAPI.dll
0x00007ffc5ecd0000 - 0x00007ffc5ecfd000 	C:\WINDOWS\SYSTEM32\IPHLPAPI.DLL
0x00007ffc61dd0000 - 0x00007ffc61dd9000 	C:\WINDOWS\System32\NSI.dll
0x00007ffc370e0000 - 0x00007ffc370f1000 	C:\WINDOWS\System32\winrnr.dll
0x00007ffc52680000 - 0x00007ffc52695000 	C:\WINDOWS\system32\wshbth.dll
0x00007ffc370b0000 - 0x00007ffc370d1000 	C:\WINDOWS\system32\nlansp_c.dll
0x00007ffc585d0000 - 0x00007ffc585da000 	C:\Windows\System32\rasadhlp.dll
0x00007ffc52100000 - 0x00007ffc52184000 	C:\WINDOWS\System32\fwpuclnt.dll

VM Arguments:
jvm_args: -Dfile.encoding=UTF-8 
java_command: com.JWTtoken.JwtDemoProjectApplication
java_class_path (initial): D:\AdvanceJava\JWTDemoProject\JWTDemoProject\target\classes;C:\Users\RUCHA\.m2\repository\org\springframework\boot\spring-boot-starter-data-jpa\2.7.15\spring-boot-starter-data-jpa-2.7.15.jar;C:\Users\RUCHA\.m2\repository\org\springframework\boot\spring-boot-starter-aop\2.7.15\spring-boot-starter-aop-2.7.15.jar;C:\Users\RUCHA\.m2\repository\org\aspectj\aspectjweaver\1.9.7\aspectjweaver-1.9.7.jar;C:\Users\RUCHA\.m2\repository\org\springframework\boot\spring-boot-starter-jdbc\2.7.15\spring-boot-starter-jdbc-2.7.15.jar;C:\Users\RUCHA\.m2\repository\com\zaxxer\HikariCP\4.0.3\HikariCP-4.0.3.jar;C:\Users\RUCHA\.m2\repository\org\springframework\spring-jdbc\5.3.29\spring-jdbc-5.3.29.jar;C:\Users\RUCHA\.m2\repository\jakarta\transaction\jakarta.transaction-api\1.3.3\jakarta.transaction-api-1.3.3.jar;C:\Users\RUCHA\.m2\repository\jakarta\persistence\jakarta.persistence-api\2.2.3\jakarta.persistence-api-2.2.3.jar;C:\Users\RUCHA\.m2\repository\org\hibernate\hibernate-core\5.6.15.Final\hibernate-core-5.6.15.Final.jar;C:\Users\RUCHA\.m2\repository\org\jboss\logging\jboss-logging\3.4.3.Final\jboss-logging-3.4.3.Final.jar;C:\Users\RUCHA\.m2\repository\net\bytebuddy\byte-buddy\1.12.23\byte-buddy-1.12.23.jar;C:\Users\RUCHA\.m2\repository\antlr\antlr\2.7.7\antlr-2.7.7.jar;C:\Users\RUCHA\.m2\repository\org\jboss\jandex\2.4.2.Final\jandex-2.4.2.Final.jar;C:\Users\RUCHA\.m2\repository\com\fasterxml\classmate\1.5.1\classmate-1.5.1.jar;C:\Users\RUCHA\.m2\repository\org\hibernate\common\hibernate-commons-annotations\5.1.2.Final\hibernate-commons-annotations-5.1.2.Final.jar;C:\Users\RUCHA\.m2\repository\org\glassfish\jaxb\jaxb-runtime\2.3.8\jaxb-runtime-2.3.8.jar;C:\Users\RUCHA\.m2\repository\org\glassfish\jaxb\txw2\2.3.8\txw2-2.3.8.jar;C:\Users\RUCHA\.m2\repository\com\sun\istack\istack-commons-runtime\3.0.12\istack-commons-runtime-3.0.12.jar;C:\Users\RUCHA\.m2\repository\com\sun\activation\jakarta.activation\1.2.2\jakarta.activation-1.2.2.jar;C:\Users\RUCHA\.m2
Launcher Type: SUN_STANDARD

Environment Variables:
JAVA_HOME=C:\Program Files\Java\jdk1.8.0_361
PATH=C:/Users/RUCHA/.p2/pool/plugins/org.eclipse.justj.openjdk.hotspot.jre.full.win32.x86_64_20.0.2.v20230801-2057/jre/bin/server;C:/Users/RUCHA/.p2/pool/plugins/org.eclipse.justj.openjdk.hotspot.jre.full.win32.x86_64_20.0.2.v20230801-2057/jre/bin;C:\Python311\Scripts\;C:\Python311\;C:\Program Files (x86)\Common Files\Oracle\Java\javapath;C:\ProgramData\Oracle\Java\javapath;C:\WINDOWS\system32;C:\WINDOWS;C:\WINDOWS\System32\Wbem;C:\WINDOWS\System32\WindowsPowerShell\v1.0\;C:\WINDOWS\System32\OpenSSH\;C:\Program Files\MySQL\MySQL Server 8.0\bin;C:\Program Files\Git\cmd;C:\MinGW\bin;C:\Program Files\Java\jdk1.8.0_361\bin;C:\Program Files\nodejs\;C:\ProgramData\chocolatey\bin;C:\Program Files\apache-maven-3.8.8-bin (1)\apache-maven-3.8.8\bin;C:\Program Files\MySQL\MySQL Shell 8.0\bin\;C:\Users\RUCHA\AppData\Local\Microsoft\WindowsApps;C:\Users\RUCHA\AppData\Local\Programs\Microsoft VS Code\bin;C:\MinGW\bin;C:\Users\RUCHA\AppData\Roaming\npm;C:\Program Files\apache-maven-3.8.8-bin (1)\apache-maven-3.8.8\bin;C:\Program Files\Java\jdk1.8.0_361\bin;;C:\Users\RUCHA\Desktop;
USERNAME=RUCHA
OS=Windows_NT
PROCESSOR_IDENTIFIER=Intel64 Family 6 Model 140 Stepping 1, GenuineIntel



---------------  S Y S T E M  ---------------

OS: Windows 11 , 64 bit Build 22621 (10.0.22621.2215)

CPU:total 4 (initial active 4) (2 cores per cpu, 2 threads per core) family 6 model 140 stepping 1, cmov, cx8, fxsr, mmx, sse, sse2, sse3, ssse3, sse4.1, sse4.2, popcnt, avx, avx2, aes, clmul, erms, 3dnowpref, lzcnt, ht, tsc, tscinvbit, bmi1, bmi2, adx

Memory: 4k page, physical 8022668k(409640k free), swap 10119820k(5164k free)

vm_info: Java HotSpot(TM) 64-Bit Server VM (25.361-b09) for windows-amd64 JRE (1.8.0_361-b09), built on Jan  9 2023 08:38:53 by "java_re" with MS VC++ 15.9 (VS2017)

time: Thu Sep 21 15:06:38 2023
timezone: India Standard Time
elapsed time: 0.768106 seconds (0d 0h 0m 0s)

