#
# There is insufficient memory for the Java Runtime Environment to continue.
# Native memory allocation (malloc) failed to allocate 674576 bytes for Chunk::new
# Possible reasons:
#   The system is out of physical RAM or swap space
#   The process is running with CompressedOops enabled, and the Java Heap may be blocking the growth of the native heap
# Possible solutions:
#   Reduce memory load on the system
#   Increase physical memory or swap space
#   Check if swap backing store is full
#   Decrease Java heap size (-Xmx/-Xms)
#   Decrease number of Java threads
#   Decrease Java thread stack sizes (-Xss)
#   Set larger code cache with -XX:ReservedCodeCacheSize=
#   JVM is running with Unscaled Compressed Oops mode in which the Java heap is
#     placed in the first 4GB address space. The Java Heap base address is the
#     maximum limit for the native heap growth. Please use -XX:HeapBaseMinAddress
#     to set the Java Heap base and to place the Java Heap above 4GB virtual address.
# This output file may be truncated or incomplete.
#
#  Out of Memory Error (allocation.cpp:389), pid=15584, tid=0x0000000000002360
#
# JRE version: Java(TM) SE Runtime Environment (8.0_361) (build 1.8.0_361-b09)
# Java VM: Java HotSpot(TM) 64-Bit Server VM (25.361-b09 mixed mode windows-amd64 compressed oops)
# Failed to write core dump. Minidumps are not enabled by default on client versions of Windows
#

---------------  T H R E A D  ---------------

Current thread (0x0000022af6fce000):  JavaThread "C2 CompilerThread1" daemon [_thread_in_native, id=9056, stack(0x000000f62cb00000,0x000000f62cc00000)]

Stack: [0x000000f62cb00000,0x000000f62cc00000]
Native frames: (J=compiled Java code, j=interpreted, Vv=VM code, C=native code)
V  [jvm.dll+0x3317a9]


Current CompileTask:
C2:   3565 3258       4       java.lang.ClassLoader::loadClass (7 bytes)


---------------  P R O C E S S  ---------------

Java Threads: ( => current thread )
  0x0000022afa9e2800 JavaThread "mysql-cj-abandoned-connection-cleanup" daemon [_thread_blocked, id=13180, stack(0x000000f62d200000,0x000000f62d300000)]
  0x0000022af9b62000 JavaThread "container-0" [_thread_blocked, id=9976, stack(0x000000f62d100000,0x000000f62d200000)]
  0x0000022afad0e800 JavaThread "Catalina-utility-2" [_thread_blocked, id=3300, stack(0x000000f62d000000,0x000000f62d100000)]
  0x0000022afb52b000 JavaThread "Catalina-utility-1" [_thread_blocked, id=13392, stack(0x000000f62cf00000,0x000000f62d000000)]
  0x0000022af7049800 JavaThread "Service Thread" daemon [_thread_blocked, id=17128, stack(0x000000f62cd00000,0x000000f62ce00000)]
  0x0000022af6fcf800 JavaThread "C1 CompilerThread2" daemon [_thread_blocked, id=16704, stack(0x000000f62cc00000,0x000000f62cd00000)]
=>0x0000022af6fce000 JavaThread "C2 CompilerThread1" daemon [_thread_in_native, id=9056, stack(0x000000f62cb00000,0x000000f62cc00000)]
  0x0000022af6fc7000 JavaThread "C2 CompilerThread0" daemon [_thread_in_native, id=17108, stack(0x000000f62ca00000,0x000000f62cb00000)]
  0x0000022af6fc5000 JavaThread "Attach Listener" daemon [_thread_blocked, id=16720, stack(0x000000f62c900000,0x000000f62ca00000)]
  0x0000022af6fc4800 JavaThread "Signal Dispatcher" daemon [_thread_blocked, id=5592, stack(0x000000f62c800000,0x000000f62c900000)]
  0x0000022af6f9f800 JavaThread "Finalizer" daemon [_thread_blocked, id=5232, stack(0x000000f62c700000,0x000000f62c800000)]
  0x0000022af6f98800 JavaThread "Reference Handler" daemon [_thread_blocked, id=16116, stack(0x000000f62c600000,0x000000f62c700000)]
  0x0000022aef904000 JavaThread "main" [_thread_in_vm, id=3560, stack(0x000000f62c000000,0x000000f62c100000)]

Other Threads:
  0x0000022af6f70800 VMThread [stack: 0x000000f62c500000,0x000000f62c600000] [id=16628]
  0x0000022af7080800 WatcherThread [stack: 0x000000f62ce00000,0x000000f62cf00000] [id=3708]

VM state:not at safepoint (normal execution)

VM Mutex/Monitor currently owned by a thread: None

heap address: 0x0000000085800000, size: 1960 MB, Compressed Oops mode: 32-bit
Narrow klass base: 0x0000000000000000, Narrow klass shift: 3
Compressed class space size: 1073741824 Address: 0x0000000100000000

Heap:
 PSYoungGen      total 72192K, used 21013K [0x00000000d7300000, 0x00000000dde80000, 0x0000000100000000)
  eden space 63488K, 33% used [0x00000000d7300000,0x00000000d87855c0,0x00000000db100000)
  from space 8704K, 0% used [0x00000000dd600000,0x00000000dd600000,0x00000000dde80000)
  to   space 5120K, 0% used [0x00000000db100000,0x00000000db100000,0x00000000db600000)
 ParOldGen       total 59392K, used 15765K [0x0000000085800000, 0x0000000089200000, 0x00000000d7300000)
  object space 59392K, 26% used [0x0000000085800000,0x00000000867656b0,0x0000000089200000)
 Metaspace       used 36343K, capacity 38492K, committed 38872K, reserved 1083392K
  class space    used 4886K, capacity 5250K, committed 5336K, reserved 1048576K

Card table byte_map: [0x0000022af17d0000,0x0000022af1bb0000] byte_map_base: 0x0000022af13a4000

Marking Bits: (ParMarkBitMap*) 0x0000000054f9b090
 Begin Bits: [0x0000022af1e40000, 0x0000022af3ce0000)
 End Bits:   [0x0000022af3ce0000, 0x0000022af5b80000)

Polling page: 0x0000022aefb50000

CodeCache: size=245760Kb used=11633Kb max_used=11637Kb free=234126Kb
 bounds [0x0000022a80000000, 0x0000022a80b70000, 0x0000022a8f000000]
 total_blobs=3668 nmethods=3257 adapters=323
 compilation: enabled

Compilation events (10 events):
Event: 3.510 Thread 0x0000022af6fcf800 nmethod 3257 0x0000022a80b390d0 code [0x0000022a80b39220, 0x0000022a80b39358]
Event: 3.522 Thread 0x0000022af6fce000 3258       4       java.lang.ClassLoader::loadClass (7 bytes)
Event: 3.538 Thread 0x0000022af6fc7000 3259       4       sun.misc.Launcher$AppClassLoader::loadClass (85 bytes)
Event: 3.545 Thread 0x0000022af6fcf800 3260       3       java.lang.invoke.BoundMethodHandle$Species_L::<init> (12 bytes)
Event: 3.546 Thread 0x0000022af6fcf800 nmethod 3260 0x0000022a80b38c50 code [0x0000022a80b38dc0, 0x0000022a80b38ff0]
Event: 3.546 Thread 0x0000022af6fcf800 3261       3       java.lang.invoke.BoundMethodHandle::editor (8 bytes)
Event: 3.546 Thread 0x0000022af6fcf800 nmethod 3261 0x0000022a80b5f210 code [0x0000022a80b5f3a0, 0x0000022a80b5f750]
Event: 3.546 Thread 0x0000022af6fcf800 3262       3       java.lang.invoke.LambdaForm::editor (5 bytes)
Event: 3.546 Thread 0x0000022af6fcf800 nmethod 3262 0x0000022a80b5ebd0 code [0x0000022a80b5ed60, 0x0000022a80b5f090]
Event: 3.564 Thread 0x0000022af6fcf800 3264       1       org.apache.logging.log4j.Level::getStandardLevel (5 bytes)

GC Heap History (10 events):
Event: 1.425 GC heap before
{Heap before GC invocations=4 (full 0):
 PSYoungGen      total 36864K, used 27518K [0x00000000d7300000, 0x00000000dbb00000, 0x0000000100000000)
  eden space 31744K, 70% used [0x00000000d7300000,0x00000000d88e54e0,0x00000000d9200000)
  from space 5120K, 99% used [0x00000000d9200000,0x00000000d96fa570,0x00000000d9700000)
  to   space 5120K, 0% used [0x00000000db600000,0x00000000db600000,0x00000000dbb00000)
 ParOldGen       total 84992K, used 4424K [0x0000000085800000, 0x000000008ab00000, 0x00000000d7300000)
  object space 84992K, 5% used [0x0000000085800000,0x0000000085c523a0,0x000000008ab00000)
 Metaspace       used 20323K, capacity 21172K, committed 21248K, reserved 1067008K
  class space    used 2530K, capacity 2750K, committed 2816K, reserved 1048576K
Event: 1.431 GC heap after
Heap after GC invocations=4 (full 0):
 PSYoungGen      total 68608K, used 5088K [0x00000000d7300000, 0x00000000dbb00000, 0x0000000100000000)
  eden space 63488K, 0% used [0x00000000d7300000,0x00000000d7300000,0x00000000db100000)
  from space 5120K, 99% used [0x00000000db600000,0x00000000dbaf8330,0x00000000dbb00000)
  to   space 5120K, 0% used [0x00000000db100000,0x00000000db100000,0x00000000db600000)
 ParOldGen       total 84992K, used 6395K [0x0000000085800000, 0x000000008ab00000, 0x00000000d7300000)
  object space 84992K, 7% used [0x0000000085800000,0x0000000085e3ef10,0x000000008ab00000)
 Metaspace       used 20323K, capacity 21172K, committed 21248K, reserved 1067008K
  class space    used 2530K, capacity 2750K, committed 2816K, reserved 1048576K
}
Event: 1.431 GC heap before
{Heap before GC invocations=5 (full 1):
 PSYoungGen      total 68608K, used 5088K [0x00000000d7300000, 0x00000000dbb00000, 0x0000000100000000)
  eden space 63488K, 0% used [0x00000000d7300000,0x00000000d7300000,0x00000000db100000)
  from space 5120K, 99% used [0x00000000db600000,0x00000000dbaf8330,0x00000000dbb00000)
  to   space 5120K, 0% used [0x00000000db100000,0x00000000db100000,0x00000000db600000)
 ParOldGen       total 84992K, used 6395K [0x0000000085800000, 0x000000008ab00000, 0x00000000d7300000)
  object space 84992K, 7% used [0x0000000085800000,0x0000000085e3ef10,0x000000008ab00000)
 Metaspace       used 20323K, capacity 21172K, committed 21248K, reserved 1067008K
  class space    used 2530K, capacity 2750K, committed 2816K, reserved 1048576K
Event: 1.457 GC heap after
Heap after GC invocations=5 (full 1):
 PSYoungGen      total 68608K, used 0K [0x00000000d7300000, 0x00000000dbb00000, 0x0000000100000000)
  eden space 63488K, 0% used [0x00000000d7300000,0x00000000d7300000,0x00000000db100000)
  from space 5120K, 0% used [0x00000000db600000,0x00000000db600000,0x00000000dbb00000)
  to   space 5120K, 0% used [0x00000000db100000,0x00000000db100000,0x00000000db600000)
 ParOldGen       total 59392K, used 6979K [0x0000000085800000, 0x0000000089200000, 0x00000000d7300000)
  object space 59392K, 11% used [0x0000000085800000,0x0000000085ed0c50,0x0000000089200000)
 Metaspace       used 20323K, capacity 21172K, committed 21248K, reserved 1067008K
  class space    used 2530K, capacity 2750K, committed 2816K, reserved 1048576K
}
Event: 2.134 GC heap before
{Heap before GC invocations=6 (full 1):
 PSYoungGen      total 68608K, used 63488K [0x00000000d7300000, 0x00000000dbb00000, 0x0000000100000000)
  eden space 63488K, 100% used [0x00000000d7300000,0x00000000db100000,0x00000000db100000)
  from space 5120K, 0% used [0x00000000db600000,0x00000000db600000,0x00000000dbb00000)
  to   space 5120K, 0% used [0x00000000db100000,0x00000000db100000,0x00000000db600000)
 ParOldGen       total 59392K, used 6979K [0x0000000085800000, 0x0000000089200000, 0x00000000d7300000)
  object space 59392K, 11% used [0x0000000085800000,0x0000000085ed0c50,0x0000000089200000)
 Metaspace       used 25116K, capacity 26440K, committed 26624K, reserved 1073152K
  class space    used 3226K, capacity 3510K, committed 3584K, reserved 1048576K
Event: 2.142 GC heap after
Heap after GC invocations=6 (full 1):
 PSYoungGen      total 68608K, used 5114K [0x00000000d7300000, 0x00000000dde80000, 0x0000000100000000)
  eden space 63488K, 0% used [0x00000000d7300000,0x00000000d7300000,0x00000000db100000)
  from space 5120K, 99% used [0x00000000db100000,0x00000000db5fea28,0x00000000db600000)
  to   space 8704K, 0% used [0x00000000dd600000,0x00000000dd600000,0x00000000dde80000)
 ParOldGen       total 59392K, used 9223K [0x0000000085800000, 0x0000000089200000, 0x00000000d7300000)
  object space 59392K, 15% used [0x0000000085800000,0x0000000086101cf0,0x0000000089200000)
 Metaspace       used 25116K, capacity 26440K, committed 26624K, reserved 1073152K
  class space    used 3226K, capacity 3510K, committed 3584K, reserved 1048576K
}
Event: 3.214 GC heap before
{Heap before GC invocations=7 (full 1):
 PSYoungGen      total 68608K, used 66449K [0x00000000d7300000, 0x00000000dde80000, 0x0000000100000000)
  eden space 63488K, 96% used [0x00000000d7300000,0x00000000daee5db8,0x00000000db100000)
  from space 5120K, 99% used [0x00000000db100000,0x00000000db5fea28,0x00000000db600000)
  to   space 8704K, 0% used [0x00000000dd600000,0x00000000dd600000,0x00000000dde80000)
 ParOldGen       total 59392K, used 9223K [0x0000000085800000, 0x0000000089200000, 0x00000000d7300000)
  object space 59392K, 15% used [0x0000000085800000,0x0000000086101cf0,0x0000000089200000)
 Metaspace       used 33303K, capacity 35344K, committed 35416K, reserved 1079296K
  class space    used 4304K, capacity 4671K, committed 4696K, reserved 1048576K
Event: 3.226 GC heap after
Heap after GC invocations=7 (full 1):
 PSYoungGen      total 72192K, used 8700K [0x00000000d7300000, 0x00000000dde80000, 0x0000000100000000)
  eden space 63488K, 0% used [0x00000000d7300000,0x00000000d7300000,0x00000000db100000)
  from space 8704K, 99% used [0x00000000dd600000,0x00000000dde7f250,0x00000000dde80000)
  to   space 5120K, 0% used [0x00000000db100000,0x00000000db100000,0x00000000db600000)
 ParOldGen       total 59392K, used 11954K [0x0000000085800000, 0x0000000089200000, 0x00000000d7300000)
  object space 59392K, 20% used [0x0000000085800000,0x00000000863ac9e8,0x0000000089200000)
 Metaspace       used 33303K, capacity 35344K, committed 35416K, reserved 1079296K
  class space    used 4304K, capacity 4671K, committed 4696K, reserved 1048576K
}
Event: 3.226 GC heap before
{Heap before GC invocations=8 (full 2):
 PSYoungGen      total 72192K, used 8700K [0x00000000d7300000, 0x00000000dde80000, 0x0000000100000000)
  eden space 63488K, 0% used [0x00000000d7300000,0x00000000d7300000,0x00000000db100000)
  from space 8704K, 99% used [0x00000000dd600000,0x00000000dde7f250,0x00000000dde80000)
  to   space 5120K, 0% used [0x00000000db100000,0x00000000db100000,0x00000000db600000)
 ParOldGen       total 59392K, used 11954K [0x0000000085800000, 0x0000000089200000, 0x00000000d7300000)
  object space 59392K, 20% used [0x0000000085800000,0x00000000863ac9e8,0x0000000089200000)
 Metaspace       used 33303K, capacity 35344K, committed 35416K, reserved 1079296K
  class space    used 4304K, capacity 4671K, committed 4696K, reserved 1048576K
Event: 3.275 GC heap after
Heap after GC invocations=8 (full 2):
 PSYoungGen      total 72192K, used 0K [0x00000000d7300000, 0x00000000dde80000, 0x0000000100000000)
  eden space 63488K, 0% used [0x00000000d7300000,0x00000000d7300000,0x00000000db100000)
  from space 8704K, 0% used [0x00000000dd600000,0x00000000dd600000,0x00000000dde80000)
  to   space 5120K, 0% used [0x00000000db100000,0x00000000db100000,0x00000000db600000)
 ParOldGen       total 59392K, used 15765K [0x0000000085800000, 0x0000000089200000, 0x00000000d7300000)
  object space 59392K, 26% used [0x0000000085800000,0x00000000867656b0,0x0000000089200000)
 Metaspace       used 33303K, capacity 35344K, committed 35416K, reserved 1079296K
  class space    used 4304K, capacity 4671K, committed 4696K, reserved 1048576K
}

Deoptimization events (10 events):
Event: 2.922 Thread 0x0000022aef904000 Uncommon trap: reason=class_check action=maybe_recompile pc=0x0000022a8071e904 method=org.springframework.core.ResolvableType.resolveType()Lorg/springframework/core/ResolvableType; @ 101
Event: 3.021 Thread 0x0000022afa9e2800 Uncommon trap: reason=unstable_if action=reinterpret pc=0x0000022a80495ee0 method=java.net.URL.<init>(Ljava/net/URL;Ljava/lang/String;Ljava/net/URLStreamHandler;)V @ 57
Event: 3.021 Thread 0x0000022afa9e2800 Uncommon trap: reason=unstable_if action=reinterpret pc=0x0000022a80a6ac30 method=java.net.URLStreamHandler.parseURL(Ljava/net/URL;Ljava/lang/String;II)V @ 57
Event: 3.022 Thread 0x0000022aef904000 Uncommon trap: reason=unstable_if action=reinterpret pc=0x0000022a8034ecd0 method=java.lang.AbstractStringBuilder.append(Ljava/lang/String;)Ljava/lang/AbstractStringBuilder; @ 1
Event: 3.090 Thread 0x0000022aef904000 Uncommon trap: reason=unstable_if action=reinterpret pc=0x0000022a80a4c5b0 method=java.util.regex.Pattern$BmpCharProperty.match(Ljava/util/regex/Matcher;ILjava/lang/CharSequence;)Z @ 5
Event: 3.345 Thread 0x0000022aef904000 Uncommon trap: reason=unstable_if action=reinterpret pc=0x0000022a8068f2c0 method=java.lang.ClassLoader.getClassLoadingLock(Ljava/lang/String;)Ljava/lang/Object; @ 6
Event: 3.348 Thread 0x0000022aef904000 Uncommon trap: reason=class_check action=maybe_recompile pc=0x0000022a80ab198c method=java.lang.reflect.Executable.getAnnotation(Ljava/lang/Class;)Ljava/lang/annotation/Annotation; @ 19
Event: 3.350 Thread 0x0000022aef904000 Uncommon trap: reason=class_check action=maybe_recompile pc=0x0000022a80ab198c method=java.lang.reflect.Executable.getAnnotation(Ljava/lang/Class;)Ljava/lang/annotation/Annotation; @ 19
Event: 3.350 Thread 0x0000022aef904000 Uncommon trap: reason=class_check action=maybe_recompile pc=0x0000022a80ab198c method=java.lang.reflect.Executable.getAnnotation(Ljava/lang/Class;)Ljava/lang/annotation/Annotation; @ 19
Event: 3.351 Thread 0x0000022aef904000 Uncommon trap: reason=class_check action=maybe_recompile pc=0x0000022a80ab198c method=java.lang.reflect.Executable.getAnnotation(Ljava/lang/Class;)Ljava/lang/annotation/Annotation; @ 19

Classes redefined (0 events):
No events

Internal exceptions (10 events):
Event: 2.162 Thread 0x0000022aef904000 Exception <a 'java/lang/ClassNotFoundException': org/springframework/context/annotation/ImportAwareCustomizer> (0x00000000d74124d0) thrown at [C:\jenkins\workspace\8-2-build-windows-x64-cygwin\jdk8u361\3183\hotspot\src\share\vm\classfile\systemDictionary.
Event: 2.163 Thread 0x0000022aef904000 Exception <a 'java/lang/ClassNotFoundException': org/springframework/beans/factory/AwareCustomizer> (0x00000000d74238d8) thrown at [C:\jenkins\workspace\8-2-build-windows-x64-cygwin\jdk8u361\3183\hotspot\src\share\vm\classfile\systemDictionary.cpp, line 2
Event: 2.163 Thread 0x0000022aef904000 Implicit null exception at 0x0000022a80861e0c to 0x0000022a80861f81
Event: 2.205 Thread 0x0000022aef904000 Exception <a 'java/lang/NoSuchMethodError': java.lang.Object.lambda$map$1(Ljava/util/function/Function;)Ljava/util/stream/Stream;> (0x00000000d77a4a60) thrown at [C:\jenkins\workspace\8-2-build-windows-x64-cygwin\jdk8u361\3183\hotspot\src\share\vm\interpr
Event: 2.322 Thread 0x0000022aef904000 Exception <a 'java/lang/IncompatibleClassChangeError': Found class java.lang.Object, but interface was expected> (0x00000000d7e0f6b0) thrown at [C:\jenkins\workspace\8-2-build-windows-x64-cygwin\jdk8u361\3183\hotspot\src\share\vm\interpreter\linkResolver.
Event: 2.891 Thread 0x0000022aef904000 Exception <a 'java/io/FileNotFoundException'> (0x00000000d95ec030) thrown at [C:\jenkins\workspace\8-2-build-windows-x64-cygwin\jdk8u361\3183\hotspot\src\share\vm\prims\jni.cpp, line 710]
Event: 2.978 Thread 0x0000022aef904000 Exception <a 'java/lang/NoSuchMethodError': java.lang.Object.lambda$comparingLong$6043328a$1(Ljava/util/function/ToLongFunction;Ljava/lang/Object;Ljava/lang/Object;)I> (0x00000000d9ab73c8) thrown at [C:\jenkins\workspace\8-2-build-windows-x64-cygwin\jdk8u
Event: 2.985 Thread 0x0000022aef904000 Exception <a 'java/io/FileNotFoundException'> (0x00000000d9b0de08) thrown at [C:\jenkins\workspace\8-2-build-windows-x64-cygwin\jdk8u361\3183\hotspot\src\share\vm\prims\jni.cpp, line 710]
Event: 3.022 Thread 0x0000022aef904000 Implicit null exception at 0x0000022a8034e916 to 0x0000022a8034ecb9
Event: 3.326 Thread 0x0000022aef904000 Exception <a 'java/lang/ClassNotFoundException': java/lang/Module> (0x00000000d75f99a0) thrown at [C:\jenkins\workspace\8-2-build-windows-x64-cygwin\jdk8u361\3183\hotspot\src\share\vm\classfile\systemDictionary.cpp, line 212]

Events (10 events):
Event: 3.563 loading class org/hibernate/type/CharacterArrayType
Event: 3.563 loading class org/hibernate/type/CharacterArrayType done
Event: 3.563 loading class org/hibernate/type/descriptor/java/CharacterArrayTypeDescriptor
Event: 3.563 loading class org/hibernate/type/descriptor/java/CharacterArrayTypeDescriptor done
Event: 3.563 loading class org/hibernate/type/TextType
Event: 3.563 loading class org/hibernate/type/TextType done
Event: 3.563 loading class org/hibernate/type/NTextType
Event: 3.563 loading class org/hibernate/type/NTextType done
Event: 3.564 loading class org/hibernate/type/BlobType
Event: 3.564 loading class org/hibernate/type/BlobType done


Dynamic libraries:
0x00007ff6adcc0000 - 0x00007ff6add07000 	C:\Program Files\Java\jdk1.8.0_361\bin\javaw.exe
0x00007ffc62e50000 - 0x00007ffc63064000 	C:\WINDOWS\SYSTEM32\ntdll.dll
0x00007ffc62610000 - 0x00007ffc626d4000 	C:\WINDOWS\System32\KERNEL32.DLL
0x00007ffc60830000 - 0x00007ffc60bd4000 	C:\WINDOWS\System32\KERNELBASE.dll
0x00007ffc61ae0000 - 0x00007ffc61b90000 	C:\WINDOWS\System32\ADVAPI32.dll
0x00007ffc62700000 - 0x00007ffc627a7000 	C:\WINDOWS\System32\msvcrt.dll
0x00007ffc60bf0000 - 0x00007ffc60c96000 	C:\WINDOWS\System32\sechost.dll
0x00007ffc61c30000 - 0x00007ffc61d47000 	C:\WINDOWS\System32\RPCRT4.dll
0x00007ffc62810000 - 0x00007ffc629be000 	C:\WINDOWS\System32\USER32.dll
0x00007ffc60200000 - 0x00007ffc60226000 	C:\WINDOWS\System32\win32u.dll
0x00007ffc629c0000 - 0x00007ffc629e9000 	C:\WINDOWS\System32\GDI32.dll
0x00007ffc60230000 - 0x00007ffc60348000 	C:\WINDOWS\System32\gdi32full.dll
0x00007ffc60350000 - 0x00007ffc603ea000 	C:\WINDOWS\System32\msvcp_win.dll
0x00007ffc60710000 - 0x00007ffc60821000 	C:\WINDOWS\System32\ucrtbase.dll
0x00007ffc424b0000 - 0x00007ffc42743000 	C:\WINDOWS\WinSxS\amd64_microsoft.windows.common-controls_6595b64144ccf1df_6.0.22621.2215_none_270d72677387dfc3\COMCTL32.dll
0x00007ffc60e60000 - 0x00007ffc60e91000 	C:\WINDOWS\System32\IMM32.DLL
0x00007ffc3d580000 - 0x00007ffc3d595000 	C:\Program Files\Java\jdk1.8.0_361\jre\bin\vcruntime140.dll
0x00007ffc2f2f0000 - 0x00007ffc2f38b000 	C:\Program Files\Java\jdk1.8.0_361\jre\bin\msvcp140.dll
0x00000000547b0000 - 0x0000000055013000 	C:\Program Files\Java\jdk1.8.0_361\jre\bin\server\jvm.dll
0x00007ffc60be0000 - 0x00007ffc60be8000 	C:\WINDOWS\System32\PSAPI.DLL
0x00007ffc524e0000 - 0x00007ffc524ea000 	C:\WINDOWS\SYSTEM32\VERSION.dll
0x00007ffc553d0000 - 0x00007ffc55404000 	C:\WINDOWS\SYSTEM32\WINMM.dll
0x00007ffc45d40000 - 0x00007ffc45d49000 	C:\WINDOWS\SYSTEM32\WSOCK32.dll
0x00007ffc61d50000 - 0x00007ffc61dc1000 	C:\WINDOWS\System32\WS2_32.dll
0x00007ffc5f290000 - 0x00007ffc5f2a8000 	C:\WINDOWS\SYSTEM32\kernel.appcore.dll
0x00007ffc5b320000 - 0x00007ffc5b330000 	C:\Program Files\Java\jdk1.8.0_361\jre\bin\verify.dll
0x00007ffc38de0000 - 0x00007ffc38e0b000 	C:\Program Files\Java\jdk1.8.0_361\jre\bin\java.dll
0x00007ffc2f6c0000 - 0x00007ffc2f6d8000 	C:\Program Files\Java\jdk1.8.0_361\jre\bin\zip.dll
0x00007ffc61de0000 - 0x00007ffc62603000 	C:\WINDOWS\System32\SHELL32.dll
0x00007ffc5e140000 - 0x00007ffc5ea2a000 	C:\WINDOWS\SYSTEM32\windows.storage.dll
0x00007ffc61750000 - 0x00007ffc61ada000 	C:\WINDOWS\System32\combase.dll
0x00007ffc5e000000 - 0x00007ffc5e13e000 	C:\WINDOWS\SYSTEM32\wintypes.dll
0x00007ffc61020000 - 0x00007ffc61113000 	C:\WINDOWS\System32\SHCORE.dll
0x00007ffc60ea0000 - 0x00007ffc60efe000 	C:\WINDOWS\System32\shlwapi.dll
0x00007ffc60130000 - 0x00007ffc60156000 	C:\WINDOWS\SYSTEM32\profapi.dll
0x00007ffc45ca0000 - 0x00007ffc45cad000 	C:\Program Files\Java\jdk1.8.0_361\jre\bin\management.dll
0x00007ffc2f4f0000 - 0x00007ffc2f50c000 	C:\Program Files\Java\jdk1.8.0_361\jre\bin\net.dll
0x00007ffc5f7c0000 - 0x00007ffc5f829000 	C:\WINDOWS\system32\mswsock.dll
0x00007ffc37120000 - 0x00007ffc37137000 	C:\WINDOWS\system32\napinsp.dll
0x00007ffc37100000 - 0x00007ffc3711b000 	C:\WINDOWS\system32\pnrpnsp.dll
0x00007ffc5ed50000 - 0x00007ffc5ee42000 	C:\WINDOWS\SYSTEM32\DNSAPI.dll
0x00007ffc5ecd0000 - 0x00007ffc5ecfd000 	C:\WINDOWS\SYSTEM32\IPHLPAPI.DLL
0x00007ffc61dd0000 - 0x00007ffc61dd9000 	C:\WINDOWS\System32\NSI.dll
0x00007ffc370e0000 - 0x00007ffc370f1000 	C:\WINDOWS\System32\winrnr.dll
0x00007ffc52680000 - 0x00007ffc52695000 	C:\WINDOWS\system32\wshbth.dll
0x00007ffc370b0000 - 0x00007ffc370d1000 	C:\WINDOWS\system32\nlansp_c.dll
0x00007ffc585d0000 - 0x00007ffc585da000 	C:\Windows\System32\rasadhlp.dll
0x00007ffc52100000 - 0x00007ffc52184000 	C:\WINDOWS\System32\fwpuclnt.dll
0x00007ffc2f4d0000 - 0x00007ffc2f4e3000 	C:\Program Files\Java\jdk1.8.0_361\jre\bin\nio.dll
0x00007ffc5fa10000 - 0x00007ffc5fa2b000 	C:\WINDOWS\SYSTEM32\CRYPTSP.dll
0x00007ffc5f190000 - 0x00007ffc5f1c5000 	C:\WINDOWS\system32\rsaenh.dll
0x00007ffc5f8b0000 - 0x00007ffc5f8dc000 	C:\WINDOWS\SYSTEM32\USERENV.dll
0x00007ffc5fbd0000 - 0x00007ffc5fbf8000 	C:\WINDOWS\SYSTEM32\bcrypt.dll
0x00007ffc60690000 - 0x00007ffc6070a000 	C:\WINDOWS\System32\bcryptprimitives.dll
0x00007ffc5fa30000 - 0x00007ffc5fa3c000 	C:\WINDOWS\SYSTEM32\CRYPTBASE.dll
0x00007ffc586c0000 - 0x00007ffc586d9000 	C:\WINDOWS\SYSTEM32\dhcpcsvc6.DLL
0x00007ffc57640000 - 0x00007ffc5765f000 	C:\WINDOWS\SYSTEM32\dhcpcsvc.DLL
0x00007ffc2f440000 - 0x00007ffc2f464000 	C:\Program Files\Java\jdk1.8.0_361\jre\bin\sunec.dll
0x00007ffc43110000 - 0x00007ffc4311d000 	C:\Program Files\Java\jdk1.8.0_361\jre\bin\sunmscapi.dll
0x00007ffc603f0000 - 0x00007ffc60556000 	C:\WINDOWS\System32\CRYPT32.dll
0x00007ffc5fba0000 - 0x00007ffc5fbce000 	C:\WINDOWS\SYSTEM32\ncrypt.dll
0x00007ffc5fb60000 - 0x00007ffc5fb97000 	C:\WINDOWS\SYSTEM32\NTASN1.dll

VM Arguments:
jvm_args: -Dfile.encoding=UTF-8 
java_command: com.JWTtoken.JwtDemoProjectApplication
java_class_path (initial): D:\AdvanceJava\JWTDemoProject\JWTDemoProject\target\classes;C:\Users\RUCHA\.m2\repository\org\springframework\boot\spring-boot-starter-data-jpa\2.7.15\spring-boot-starter-data-jpa-2.7.15.jar;C:\Users\RUCHA\.m2\repository\org\springframework\boot\spring-boot-starter-aop\2.7.15\spring-boot-starter-aop-2.7.15.jar;C:\Users\RUCHA\.m2\repository\org\aspectj\aspectjweaver\1.9.7\aspectjweaver-1.9.7.jar;C:\Users\RUCHA\.m2\repository\org\springframework\boot\spring-boot-starter-jdbc\2.7.15\spring-boot-starter-jdbc-2.7.15.jar;C:\Users\RUCHA\.m2\repository\com\zaxxer\HikariCP\4.0.3\HikariCP-4.0.3.jar;C:\Users\RUCHA\.m2\repository\org\springframework\spring-jdbc\5.3.29\spring-jdbc-5.3.29.jar;C:\Users\RUCHA\.m2\repository\jakarta\transaction\jakarta.transaction-api\1.3.3\jakarta.transaction-api-1.3.3.jar;C:\Users\RUCHA\.m2\repository\jakarta\persistence\jakarta.persistence-api\2.2.3\jakarta.persistence-api-2.2.3.jar;C:\Users\RUCHA\.m2\repository\org\hibernate\hibernate-core\5.6.15.Final\hibernate-core-5.6.15.Final.jar;C:\Users\RUCHA\.m2\repository\org\jboss\logging\jboss-logging\3.4.3.Final\jboss-logging-3.4.3.Final.jar;C:\Users\RUCHA\.m2\repository\net\bytebuddy\byte-buddy\1.12.23\byte-buddy-1.12.23.jar;C:\Users\RUCHA\.m2\repository\antlr\antlr\2.7.7\antlr-2.7.7.jar;C:\Users\RUCHA\.m2\repository\org\jboss\jandex\2.4.2.Final\jandex-2.4.2.Final.jar;C:\Users\RUCHA\.m2\repository\com\fasterxml\classmate\1.5.1\classmate-1.5.1.jar;C:\Users\RUCHA\.m2\repository\org\hibernate\common\hibernate-commons-annotations\5.1.2.Final\hibernate-commons-annotations-5.1.2.Final.jar;C:\Users\RUCHA\.m2\repository\org\glassfish\jaxb\jaxb-runtime\2.3.8\jaxb-runtime-2.3.8.jar;C:\Users\RUCHA\.m2\repository\org\glassfish\jaxb\txw2\2.3.8\txw2-2.3.8.jar;C:\Users\RUCHA\.m2\repository\com\sun\istack\istack-commons-runtime\3.0.12\istack-commons-runtime-3.0.12.jar;C:\Users\RUCHA\.m2\repository\com\sun\activation\jakarta.activation\1.2.2\jakarta.activation-1.2.2.jar;C:\Users\RUCHA\.m2
Launcher Type: SUN_STANDARD

Environment Variables:
JAVA_HOME=C:\Program Files\Java\jdk1.8.0_361
PATH=C:/Users/RUCHA/.p2/pool/plugins/org.eclipse.justj.openjdk.hotspot.jre.full.win32.x86_64_20.0.2.v20230801-2057/jre/bin/server;C:/Users/RUCHA/.p2/pool/plugins/org.eclipse.justj.openjdk.hotspot.jre.full.win32.x86_64_20.0.2.v20230801-2057/jre/bin;C:\Python311\Scripts\;C:\Python311\;C:\Program Files (x86)\Common Files\Oracle\Java\javapath;C:\ProgramData\Oracle\Java\javapath;C:\WINDOWS\system32;C:\WINDOWS;C:\WINDOWS\System32\Wbem;C:\WINDOWS\System32\WindowsPowerShell\v1.0\;C:\WINDOWS\System32\OpenSSH\;C:\Program Files\MySQL\MySQL Server 8.0\bin;C:\Program Files\Git\cmd;C:\MinGW\bin;C:\Program Files\Java\jdk1.8.0_361\bin;C:\Program Files\nodejs\;C:\ProgramData\chocolatey\bin;C:\Program Files\apache-maven-3.8.8-bin (1)\apache-maven-3.8.8\bin;C:\Program Files\MySQL\MySQL Shell 8.0\bin\;C:\Users\RUCHA\AppData\Local\Microsoft\WindowsApps;C:\Users\RUCHA\AppData\Local\Programs\Microsoft VS Code\bin;C:\MinGW\bin;C:\Users\RUCHA\AppData\Roaming\npm;C:\Program Files\apache-maven-3.8.8-bin (1)\apache-maven-3.8.8\bin;C:\Program Files\Java\jdk1.8.0_361\bin;;C:\Users\RUCHA\Desktop;
USERNAME=RUCHA
OS=Windows_NT
PROCESSOR_IDENTIFIER=Intel64 Family 6 Model 140 Stepping 1, GenuineIntel



---------------  S Y S T E M  ---------------

OS: Windows 11 , 64 bit Build 22621 (10.0.22621.2215)

CPU:total 4 (initial active 4) (2 cores per cpu, 2 threads per core) family 6 model 140 stepping 1, cmov, cx8, fxsr, mmx, sse, sse2, sse3, ssse3, sse4.1, sse4.2, popcnt, avx, avx2, aes, clmul, erms, 3dnowpref, lzcnt, ht, tsc, tscinvbit, bmi1, bmi2, adx

Memory: 4k page, physical 8022668k(465524k free), swap 10119820k(5192k free)

vm_info: Java HotSpot(TM) 64-Bit Server VM (25.361-b09) for windows-amd64 JRE (1.8.0_361-b09), built on Jan  9 2023 08:38:53 by "java_re" with MS VC++ 15.9 (VS2017)

time: Thu Sep 21 15:02:44 2023
timezone: India Standard Time
elapsed time: 3.570950 seconds (0d 0h 0m 3s)

